<?xml version="1.0" encoding="UTF-8"?>
<!-- Generated by org.testng.reporters.JUnitReportReporter -->
<testsuite hostname="ZUP-2792" failures="0" tests="2" name="com.dittrichlucas.FactoryPatternTest" time="7.545" errors="0" timestamp="2021-11-24T14:51:37 BRT" skipped="0">
  <testcase classname="com.dittrichlucas.FactoryPatternTest" name="navigateToGoogle" time="3.075"/>
  <system-out/>
  <testcase classname="com.dittrichlucas.FactoryPatternTest" name="navigateToFacebook" time="4.470"/>
  <system-out/>
</testsuite> <!-- com.dittrichlucas.FactoryPatternTest -->
